  adler32.c
  compress.c
  crc32.c
  deflate.c
  Assembler code may have bugs -- use at your own risk
  gzclose.c
  gzlib.c
  gzread.c
..\..\..\gzread.c(319): warning C4267: “=”: 从“size_t”转换到“unsigned int”，可能丢失数据
..\..\..\gzread.c(400): warning C4267: “=”: 从“size_t”转换到“unsigned int”，可能丢失数据
..\..\..\gzread.c(472): warning C4267: “=”: 从“size_t”转换到“int”，可能丢失数据
  gzwrite.c
..\..\..\gzwrite.c(212): warning C4267: “=”: 从“size_t”转换到“unsigned int”，可能丢失数据
..\..\..\gzwrite.c(232): warning C4267: “=”: 从“size_t”转换到“unsigned int”，可能丢失数据
..\..\..\gzwrite.c(371): warning C4267: “=”: 从“size_t”转换到“int”，可能丢失数据
  infback.c
  inffas8664.c
  inffast.c
  Assembler code may have bugs -- use at your own risk
  inflate.c
  inftrees.c
  ioapi.c
  trees.c
  uncompr.c
  unzip.c
  zip.c
  zutil.c
  正在生成代码...
  zlibstat.vcxproj -> C:\Users\Lenovo\Downloads\zlib-1.2.11\contrib\vstudio\vc14\x64\ZlibStatRelease\zlibstat.lib
